<?xml version="1.0" encoding="UTF-8"?>
<!-- Generated by org.testng.reporters.JUnitReportReporter -->
<testsuite hostname="LAPTOP-AJGF9PO4" failures="0" tests="3" name="com.sgtesting.users.Users" time="0.005" errors="0" timestamp="2022-03-24T11:37:00 IST" skipped="0">
  <testcase classname="com.sgtesting.users.Users" name="createUser" time="0.004"/>
  <system-out/>
  <testcase classname="com.sgtesting.users.Users" name="modifyUser" time="0.000"/>
  <system-out/>
  <testcase classname="com.sgtesting.users.Users" name="deleteUser" time="0.001"/>
  <system-out/>
</testsuite> <!-- com.sgtesting.users.Users -->
