<?xml version="1.0" encoding="UTF-8"?>
<!-- Generated by org.testng.reporters.JUnitReportReporter -->
<testsuite hostname="Kashinath1" failures="0" tests="3" name="com.sgtesting.products.Products" time="0.004" errors="0" timestamp="2022-04-09T12:18:13 IST" skipped="0">
  <testcase classname="com.sgtesting.products.Products" name="deleteUser" time="0.000"/>
  <system-out/>
  <testcase classname="com.sgtesting.products.Products" name="modifyUser" time="0.001"/>
  <system-out/>
  <testcase classname="com.sgtesting.products.Products" name="createProduct" time="0.003"/>
  <system-out/>
</testsuite> <!-- com.sgtesting.products.Products -->
